<?xml version="1.0" encoding="UTF-8"?>
<testsuite xmlns:xsi="http://www.w3.org/2001/XMLSchema-instance" xsi:noNamespaceSchemaLocation="https://maven.apache.org/surefire/maven-surefire-plugin/xsd/surefire-test-report-3.0.xsd" version="3.0" name="dk.sdu.mmmi.cbse.collisionsystem.CollisionDetectorTest" time="0.087" tests="2" errors="0" skipped="0" failures="1">
  <properties>
    <property name="java.specification.version" value="21"/>
    <property name="sun.cpu.isalist" value="amd64"/>
    <property name="sun.jnu.encoding" value="Cp1252"/>
    <property name="java.class.path" value="C:\Users\Lukas Andersen\Desktop\Asteroids\AsteroidsFX\Collision\target\test-classes;C:\Users\Lukas Andersen\.m2\repository\org\openjfx\javafx-graphics\21.0.2\javafx-graphics-21.0.2.jar;C:\Users\Lukas Andersen\.m2\repository\org\openjfx\javafx-base\21.0.2\javafx-base-21.0.2.jar;C:\Users\Lukas Andersen\.m2\repository\junit\junit\4.13.1\junit-4.13.1.jar;C:\Users\Lukas Andersen\.m2\repository\org\hamcrest\hamcrest-core\1.3\hamcrest-core-1.3.jar;"/>
    <property name="java.vm.vendor" value="Oracle Corporation"/>
    <property name="sun.arch.data.model" value="64"/>
    <property name="user.variant" value=""/>
    <property name="java.vendor.url" value="https://java.oracle.com/"/>
    <property name="user.timezone" value="Europe/Copenhagen"/>
    <property name="os.name" value="Windows 11"/>
    <property name="java.vm.specification.version" value="21"/>
    <property name="sun.java.launcher" value="SUN_STANDARD"/>
    <property name="user.country" value="DK"/>
    <property name="sun.boot.library.path" value="C:\Users\Lukas Andersen\.jdks\openjdk-21.0.2\bin"/>
    <property name="sun.java.command" value="org.apache.maven.surefire.booter.ForkedBooter C:\Users\Lukas Andersen\AppData\Local\Temp\surefire7333593047604748016 2024-05-09T21-49-12_724-jvmRun1 surefire-20240509214919975_4tmp surefire_1-20240509214919975_5tmp"/>
    <property name="jdk.debug" value="release"/>
    <property name="surefire.test.class.path" value="C:\Users\Lukas Andersen\Desktop\Asteroids\AsteroidsFX\Collision\target\test-classes;C:\Users\Lukas Andersen\.m2\repository\org\openjfx\javafx-graphics\21.0.2\javafx-graphics-21.0.2.jar;C:\Users\Lukas Andersen\.m2\repository\org\openjfx\javafx-base\21.0.2\javafx-base-21.0.2.jar;C:\Users\Lukas Andersen\.m2\repository\junit\junit\4.13.1\junit-4.13.1.jar;C:\Users\Lukas Andersen\.m2\repository\org\hamcrest\hamcrest-core\1.3\hamcrest-core-1.3.jar;"/>
    <property name="sun.cpu.endian" value="little"/>
    <property name="user.home" value="C:\Users\Lukas Andersen"/>
    <property name="user.language" value="da"/>
    <property name="java.specification.vendor" value="Oracle Corporation"/>
    <property name="jdk.module.path" value="C:\Users\Lukas Andersen\Desktop\Asteroids\AsteroidsFX\Collision\target\classes;C:\Users\Lukas Andersen\Desktop\Asteroids\AsteroidsFX\Common\target\Common-1.0.1-SNAPSHOT.jar;C:\Users\Lukas Andersen\Desktop\Asteroids\AsteroidsFX\CommonBullet\target\CommonBullet-1.0.1-SNAPSHOT.jar;C:\Users\Lukas Andersen\.m2\repository\org\openjfx\javafx-graphics\21.0.2\javafx-graphics-21.0.2-win.jar;C:\Users\Lukas Andersen\.m2\repository\org\openjfx\javafx-base\21.0.2\javafx-base-21.0.2-win.jar;C:\Users\Lukas Andersen\Desktop\Asteroids\AsteroidsFX\Player\target\Player-1.0.1-SNAPSHOT.jar;C:\Users\Lukas Andersen\Desktop\Asteroids\AsteroidsFX\Enemy\target\Enemy-1.0.1-SNAPSHOT.jar;C:\Users\Lukas Andersen\Desktop\Asteroids\AsteroidsFX\CommonAsteroids\target\CommonAsteroids-1.0.1-SNAPSHOT.jar;C:\Users\Lukas Andersen\Desktop\Asteroids\AsteroidsFX\Asteroids\target\Asteroids-1.0.1-SNAPSHOT.jar"/>
    <property name="java.version.date" value="2024-01-16"/>
    <property name="java.home" value="C:\Users\Lukas Andersen\.jdks\openjdk-21.0.2"/>
    <property name="file.separator" value="\"/>
    <property name="basedir" value="C:\Users\Lukas Andersen\Desktop\Asteroids\AsteroidsFX\Collision"/>
    <property name="java.vm.compressedOopsMode" value="Zero based"/>
    <property name="line.separator" value="&#10;"/>
    <property name="java.vm.specification.vendor" value="Oracle Corporation"/>
    <property name="java.specification.name" value="Java Platform API Specification"/>
    <property name="surefire.real.class.path" value="C:\Users\Lukas Andersen\.m2\repository\org\apache\maven\surefire\surefire-api\3.1.2\surefire-api-3.1.2.jar;C:\Users\Lukas Andersen\.m2\repository\org\apache\maven\surefire\surefire-booter\3.1.2\surefire-booter-3.1.2.jar;C:\Users\Lukas Andersen\.m2\repository\org\apache\maven\surefire\surefire-extensions-spi\3.1.2\surefire-extensions-spi-3.1.2.jar;C:\Users\Lukas Andersen\.m2\repository\org\apache\maven\surefire\surefire-logger-api\3.1.2\surefire-logger-api-3.1.2.jar;C:\Users\Lukas Andersen\.m2\repository\org\apache\maven\surefire\surefire-shared-utils\3.1.2\surefire-shared-utils-3.1.2.jar;C:\Users\Lukas Andersen\Desktop\Asteroids\AsteroidsFX\Collision\target\test-classes;C:\Users\Lukas Andersen\.m2\repository\org\openjfx\javafx-graphics\21.0.2\javafx-graphics-21.0.2.jar;C:\Users\Lukas Andersen\.m2\repository\org\openjfx\javafx-base\21.0.2\javafx-base-21.0.2.jar;C:\Users\Lukas Andersen\.m2\repository\junit\junit\4.13.1\junit-4.13.1.jar;C:\Users\Lukas Andersen\.m2\repository\org\hamcrest\hamcrest-core\1.3\hamcrest-core-1.3.jar;C:\Users\Lukas Andersen\.m2\repository\org\apache\maven\surefire\surefire-junit4\3.1.2\surefire-junit4-3.1.2.jar;C:\Users\Lukas Andersen\.m2\repository\org\apache\maven\surefire\common-java5\3.1.2\common-java5-3.1.2.jar;C:\Users\Lukas Andersen\.m2\repository\org\apache\maven\surefire\common-junit3\3.1.2\common-junit3-3.1.2.jar;C:\Users\Lukas Andersen\.m2\repository\org\apache\maven\surefire\common-junit4\3.1.2\common-junit4-3.1.2.jar"/>
    <property name="user.script" value=""/>
    <property name="sun.management.compiler" value="HotSpot 64-Bit Tiered Compilers"/>
    <property name="java.runtime.version" value="21.0.2+13-58"/>
    <property name="user.name" value="Lukas Andersen"/>
    <property name="stdout.encoding" value="Cp1252"/>
    <property name="path.separator" value=";"/>
    <property name="os.version" value="10.0"/>
    <property name="java.runtime.name" value="OpenJDK Runtime Environment"/>
    <property name="file.encoding" value="UTF-8"/>
    <property name="java.vm.name" value="OpenJDK 64-Bit Server VM"/>
    <property name="localRepository" value="C:\Users\Lukas Andersen\.m2\repository"/>
    <property name="java.vendor.url.bug" value="https://bugreport.java.com/bugreport/"/>
    <property name="java.io.tmpdir" value="C:\Users\LUKASA~1\AppData\Local\Temp\"/>
    <property name="idea.version" value="2023.3.3"/>
    <property name="java.version" value="21.0.2"/>
    <property name="user.dir" value="C:\Users\Lukas Andersen\Desktop\Asteroids\AsteroidsFX\Collision"/>
    <property name="os.arch" value="amd64"/>
    <property name="java.vm.specification.name" value="Java Virtual Machine Specification"/>
    <property name="sun.os.patch.level" value=""/>
    <property name="native.encoding" value="Cp1252"/>
    <property name="java.library.path" value="C:\Users\Lukas Andersen\.jdks\openjdk-21.0.2\bin;C:\WINDOWS\Sun\Java\bin;C:\WINDOWS\system32;C:\WINDOWS;C:\Program Files\Eclipse Adoptium\jdk-21.0.2.13-hotspot\bin;C:\Users\Lukas Andersen\AppData\Local\Programs\MiKTeX\miktex\bin\x64;C:\Windows;C:\Windows\System32\Wbem;C:\Windows\System32\WindowsPowerShell\v1.0\;C:\Windows\System32\OpenSSH\;C:\Program Files\NVIDIA Corporation\NVIDIA NvDLISR;C:\WINDOWS\system32;C:\WINDOWS;C:\WINDOWS\System32\Wbem;C:\WINDOWS\System32\WindowsPowerShell\v1.0\;C:\WINDOWS\System32\OpenSSH\;C:\Program Files (x86)\NVIDIA Corporation\PhysX\Common;C:\Program Files\Git\cmd;C:\Users\Lukas Andersen\Desktop\php-8.2.10-Win32-vs16-x64;C:\ProgramData\ComposerSetup\bin;C:\Program Files\nodejs\;C:\Program Files\Docker\Docker\resources\bin;C:\Strawberry\c\bin;C:\Strawberry\perl\site\bin;C:\Strawberry\perl\bin;C:\Users\Lukas Andersen\AppData\Local\Programs\Python\Python312;C:\Users\Lukas Andersen\AppData\Local\Programs\Python\Python312\Scripts;C:\Users\Lukas Andersen\AppData\Local\Programs\Python\Launcher\;C:\Users\Lukas Andersen\AppData\Local\Programs\MiKTeX\miktex\bin\x64;C:\Users\Lukas Andersen\AppData\Local\Programs\Microsoft VS Code\bin;C:\Users\Lukas Andersen\AppData\Local\GitHubDesktop\bin;C:\Users\Lukas Andersen\AppData\Roaming\Composer\vendor\bin;C:\Users\Lukas Andersen\AppData\Roaming\npm;C:\Users\Lukas Andersen\AppData\Local\Programs\MiKTeX\miktex\bin\x64\;C:\Users\Lukas Andersen\AppData\Local\Programs\Python\Python312;C:\Users\Lukas Andersen\AppData\Local\Programs\Python\Python312\Scripts;C:\Users\Lukas Andersen\AppData\Local\JetBrains\Toolbox\scripts;;."/>
    <property name="java.vm.info" value="mixed mode"/>
    <property name="stderr.encoding" value="Cp1252"/>
    <property name="java.vendor" value="Oracle Corporation"/>
    <property name="java.vm.version" value="21.0.2+13-58"/>
    <property name="sun.io.unicode.encoding" value="UnicodeLittle"/>
    <property name="java.class.version" value="65.0"/>
  </properties>
  <testcase name="testBulletAsteroidCollision" classname="dk.sdu.mmmi.cbse.collisionsystem.CollisionDetectorTest" time="0.054">
    <failure type="java.lang.AssertionError"><![CDATA[java.lang.AssertionError
	at org.junit.Assert.fail(Assert.java:87)
	at org.junit.Assert.assertTrue(Assert.java:42)
	at org.junit.Assert.assertTrue(Assert.java:53)
	at Collision@1.0.1-SNAPSHOT/dk.sdu.mmmi.cbse.collisionsystem.CollisionDetectorTest.testBulletAsteroidCollision(CollisionDetectorTest.java:61)
	at java.base/jdk.internal.reflect.DirectMethodHandleAccessor.invoke(DirectMethodHandleAccessor.java:103)
	at java.base/java.lang.reflect.Method.invoke(Method.java:580)
	at org.junit.runners.model.FrameworkMethod$1.runReflectiveCall(FrameworkMethod.java:59)
	at org.junit.internal.runners.model.ReflectiveCallable.run(ReflectiveCallable.java:12)
	at org.junit.runners.model.FrameworkMethod.invokeExplosively(FrameworkMethod.java:56)
	at org.junit.internal.runners.statements.InvokeMethod.evaluate(InvokeMethod.java:17)
	at org.junit.runners.ParentRunner$3.evaluate(ParentRunner.java:306)
	at org.junit.runners.BlockJUnit4ClassRunner$1.evaluate(BlockJUnit4ClassRunner.java:100)
	at org.junit.runners.ParentRunner.runLeaf(ParentRunner.java:366)
	at org.junit.runners.BlockJUnit4ClassRunner.runChild(BlockJUnit4ClassRunner.java:103)
	at org.junit.runners.BlockJUnit4ClassRunner.runChild(BlockJUnit4ClassRunner.java:63)
	at org.junit.runners.ParentRunner$4.run(ParentRunner.java:331)
	at org.junit.runners.ParentRunner$1.schedule(ParentRunner.java:79)
	at org.junit.runners.ParentRunner.runChildren(ParentRunner.java:329)
	at org.junit.runners.ParentRunner.access$100(ParentRunner.java:66)
	at org.junit.runners.ParentRunner$2.evaluate(ParentRunner.java:293)
	at org.junit.runners.ParentRunner$3.evaluate(ParentRunner.java:306)
	at org.junit.runners.ParentRunner.run(ParentRunner.java:413)
	at org.apache.maven.surefire.junit4.JUnit4Provider.execute(JUnit4Provider.java:316)
	at org.apache.maven.surefire.junit4.JUnit4Provider.executeWithRerun(JUnit4Provider.java:240)
	at org.apache.maven.surefire.junit4.JUnit4Provider.executeTestSet(JUnit4Provider.java:214)
	at org.apache.maven.surefire.junit4.JUnit4Provider.invoke(JUnit4Provider.java:155)
	at org.apache.maven.surefire.booter.ForkedBooter.runSuitesInProcess(ForkedBooter.java:385)
	at org.apache.maven.surefire.booter.ForkedBooter.execute(ForkedBooter.java:162)
	at org.apache.maven.surefire.booter.ForkedBooter.run(ForkedBooter.java:507)
	at org.apache.maven.surefire.booter.ForkedBooter.main(ForkedBooter.java:495)
]]></failure>
    <system-out><![CDATA[Bullet position: (100.0, 100.0), radius: 5.0
Asteroid position: (200.0, 200.0), radius: 20.0
Distance squared: 20000.0
Radius sum squared: 625.0
Collision detected: false
]]></system-out>
  </testcase>
  <testcase name="testProcess" classname="dk.sdu.mmmi.cbse.collisionsystem.CollisionDetectorTest" time="0.0"/>
</testsuite>